# JRE version: OpenJDK Runtime Environment Temurin-21.0.10+7 (21.0.10+7) (build 21.0.10+7-LTS)
# Java VM: OpenJDK 64-Bit Server VM Temurin-21.0.10+7 (21.0.10+7-LTS, mixed mode, sharing, tiered, compressed oops, compressed class ptrs, parallel gc, windows-amd64)
GC Precious Log:
 CardTable entry size: 512
 CPUs: 8 total, 8 available
 Memory: 7942M
 Large Page Support: Disabled
 NUMA Support: Disabled
 Compressed Oops: Enabled (32-bit)
 Alignments: Space 512K, Generation 512K, Heap 2M
 Heap Min Capacity: 100M
 Heap Initial Capacity: 100M
 Heap Max Capacity: 2G
 Pre-touch: Disabled
 Parallel Workers: 8
Heap:
 PSYoungGen      total 2560K, used 1591K [0x00000000d5580000, 0x00000000d5900000, 0x0000000100000000)
  eden space 2048K, 69% used [0x00000000d5580000,0x00000000d56e5ec0,0x00000000d5780000)
  from space 512K, 31% used [0x00000000d5800000,0x00000000d5828000,0x00000000d5880000)
  to   space 512K, 0% used [0x00000000d5880000,0x00000000d5880000,0x00000000d5900000)
 ParOldGen       total 438272K, used 438190K [0x0000000080000000, 0x000000009ac00000, 0x00000000d5580000)
  object space 438272K, 99% used [0x0000000080000000,0x000000009abeba78,0x000000009ac00000)
 Metaspace       used 71422K, committed 72896K, reserved 1179648K
  class space    used 7550K, committed 8192K, reserved 1048576K
GC Heap History (20 events):
Event: 69.614 GC heap before
{Heap before GC invocations=299 (full 3):
 PSYoungGen      total 2560K, used 2528K [0x00000000d5580000, 0x00000000d5980000, 0x0000000100000000)
  eden space 2048K, 100% used [0x00000000d5580000,0x00000000d5780000,0x00000000d5780000)
  from space 512K, 93% used [0x00000000d5800000,0x00000000d5878000,0x00000000d5880000)
  to   space 1024K, 0% used [0x00000000d5880000,0x00000000d5880000,0x00000000d5980000)
 ParOldGen       total 436224K, used 436213K [0x0000000080000000, 0x000000009aa00000, 0x00000000d5580000)
  object space 436224K, 99% used [0x0000000080000000,0x000000009a9fd408,0x000000009aa00000)
 Metaspace       used 70792K, committed 72192K, reserved 1114112K
  class space    used 7511K, committed 8128K, reserved 1048576K
}
Event: 69.616 GC heap after
{Heap after GC invocations=299 (full 3):
 PSYoungGen      total 2560K, used 464K [0x00000000d5580000, 0x00000000d5900000, 0x0000000100000000)
  eden space 2048K, 0% used [0x00000000d5580000,0x00000000d5580000,0x00000000d5780000)
  from space 512K, 90% used [0x00000000d5880000,0x00000000d58f4010,0x00000000d5900000)
  to   space 512K, 0% used [0x00000000d5800000,0x00000000d5800000,0x00000000d5880000)
 ParOldGen       total 436736K, used 436573K [0x0000000080000000, 0x000000009aa80000, 0x00000000d5580000)
  object space 436736K, 99% used [0x0000000080000000,0x000000009aa57408,0x000000009aa80000)
 Metaspace       used 70792K, committed 72192K, reserved 1114112K
  class space    used 7511K, committed 8128K, reserved 1048576K
}
Event: 69.920 GC heap before
{Heap before GC invocations=300 (full 3):
 PSYoungGen      total 2560K, used 2512K [0x00000000d5580000, 0x00000000d5900000, 0x0000000100000000)
  eden space 2048K, 100% used [0x00000000d5580000,0x00000000d5780000,0x00000000d5780000)
  from space 512K, 90% used [0x00000000d5880000,0x00000000d58f4010,0x00000000d5900000)
  to   space 512K, 0% used [0x00000000d5800000,0x00000000d5800000,0x00000000d5880000)
 ParOldGen       total 436736K, used 436573K [0x0000000080000000, 0x000000009aa80000, 0x00000000d5580000)
  object space 436736K, 99% used [0x0000000080000000,0x000000009aa57408,0x000000009aa80000)
 Metaspace       used 70843K, committed 72256K, reserved 1114112K
  class space    used 7512K, committed 8128K, reserved 1048576K
}
Event: 69.926 GC heap after
{Heap after GC invocations=300 (full 3):
 PSYoungGen      total 2560K, used 512K [0x00000000d5580000, 0x00000000d5980000, 0x0000000100000000)
  eden space 2048K, 0% used [0x00000000d5580000,0x00000000d5580000,0x00000000d5780000)
  from space 512K, 100% used [0x00000000d5800000,0x00000000d5880000,0x00000000d5880000)
  to   space 1024K, 0% used [0x00000000d5880000,0x00000000d5880000,0x00000000d5980000)
 ParOldGen       total 437248K, used 436984K [0x0000000080000000, 0x000000009ab00000, 0x00000000d5580000)
  object space 437248K, 99% used [0x0000000080000000,0x000000009aabe318,0x000000009ab00000)
 Metaspace       used 70843K, committed 72256K, reserved 1114112K
  class space    used 7512K, committed 8128K, reserved 1048576K
}
Event: 69.953 GC heap before
{Heap before GC invocations=301 (full 3):
 PSYoungGen      total 2560K, used 2560K [0x00000000d5580000, 0x00000000d5980000, 0x0000000100000000)
  eden space 2048K, 100% used [0x00000000d5580000,0x00000000d5780000,0x00000000d5780000)
  from space 512K, 100% used [0x00000000d5800000,0x00000000d5880000,0x00000000d5880000)
  to   space 1024K, 0% used [0x00000000d5880000,0x00000000d5880000,0x00000000d5980000)
 ParOldGen       total 437248K, used 436984K [0x0000000080000000, 0x000000009ab00000, 0x00000000d5580000)
  object space 437248K, 99% used [0x0000000080000000,0x000000009aabe318,0x000000009ab00000)
 Metaspace       used 70857K, committed 72256K, reserved 1114112K
  class space    used 7512K, committed 8128K, reserved 1048576K
}
Event: 69.954 GC heap after
{Heap after GC invocations=301 (full 3):
 PSYoungGen      total 2560K, used 256K [0x00000000d5580000, 0x00000000d5900000, 0x0000000100000000)
  eden space 2048K, 0% used [0x00000000d5580000,0x00000000d5580000,0x00000000d5780000)
  from space 512K, 50% used [0x00000000d5880000,0x00000000d58c0000,0x00000000d5900000)
  to   space 512K, 0% used [0x00000000d5800000,0x00000000d5800000,0x00000000d5880000)
 ParOldGen       total 437760K, used 437510K [0x0000000080000000, 0x000000009ab80000, 0x00000000d5580000)
  object space 437760K, 99% used [0x0000000080000000,0x000000009ab41a78,0x000000009ab80000)
 Metaspace       used 70857K, committed 72256K, reserved 1114112K
  class space    used 7512K, committed 8128K, reserved 1048576K
}
Event: 70.146 GC heap before
{Heap before GC invocations=302 (full 3):
 PSYoungGen      total 2560K, used 2304K [0x00000000d5580000, 0x00000000d5900000, 0x0000000100000000)
  eden space 2048K, 100% used [0x00000000d5580000,0x00000000d5780000,0x00000000d5780000)
  from space 512K, 50% used [0x00000000d5880000,0x00000000d58c0000,0x00000000d5900000)
  to   space 512K, 0% used [0x00000000d5800000,0x00000000d5800000,0x00000000d5880000)
 ParOldGen       total 437760K, used 437510K [0x0000000080000000, 0x000000009ab80000, 0x00000000d5580000)
  object space 437760K, 99% used [0x0000000080000000,0x000000009ab41a78,0x000000009ab80000)
 Metaspace       used 70872K, committed 72256K, reserved 1114112K
  class space    used 7512K, committed 8128K, reserved 1048576K
}
Event: 70.151 GC heap after
{Heap after GC invocations=302 (full 3):
 PSYoungGen      total 2560K, used 224K [0x00000000d5580000, 0x00000000d5900000, 0x0000000100000000)
  eden space 2048K, 0% used [0x00000000d5580000,0x00000000d5580000,0x00000000d5780000)
  from space 512K, 43% used [0x00000000d5800000,0x00000000d5838000,0x00000000d5880000)
  to   space 512K, 0% used [0x00000000d5880000,0x00000000d5880000,0x00000000d5900000)
 ParOldGen       total 437760K, used 437558K [0x0000000080000000, 0x000000009ab80000, 0x00000000d5580000)
  object space 437760K, 99% used [0x0000000080000000,0x000000009ab4da78,0x000000009ab80000)
 Metaspace       used 70872K, committed 72256K, reserved 1114112K
  class space    used 7512K, committed 8128K, reserved 1048576K
}
Event: 70.395 GC heap before
{Heap before GC invocations=303 (full 3):
 PSYoungGen      total 2560K, used 2272K [0x00000000d5580000, 0x00000000d5900000, 0x0000000100000000)
  eden space 2048K, 100% used [0x00000000d5580000,0x00000000d5780000,0x00000000d5780000)
  from space 512K, 43% used [0x00000000d5800000,0x00000000d5838000,0x00000000d5880000)
  to   space 512K, 0% used [0x00000000d5880000,0x00000000d5880000,0x00000000d5900000)
 ParOldGen       total 437760K, used 437558K [0x0000000080000000, 0x000000009ab80000, 0x00000000d5580000)
  object space 437760K, 99% used [0x0000000080000000,0x000000009ab4da78,0x000000009ab80000)
 Metaspace       used 71143K, committed 72576K, reserved 1114112K
  class space    used 7527K, committed 8128K, reserved 1048576K
}
Event: 70.396 GC heap after
{Heap after GC invocations=303 (full 3):
 PSYoungGen      total 2560K, used 224K [0x00000000d5580000, 0x00000000d5900000, 0x0000000100000000)
  eden space 2048K, 0% used [0x00000000d5580000,0x00000000d5580000,0x00000000d5780000)
  from space 512K, 43% used [0x00000000d5880000,0x00000000d58b8000,0x00000000d5900000)
  to   space 512K, 0% used [0x00000000d5800000,0x00000000d5800000,0x00000000d5880000)
 ParOldGen       total 437760K, used 437606K [0x0000000080000000, 0x000000009ab80000, 0x00000000d5580000)
  object space 437760K, 99% used [0x0000000080000000,0x000000009ab59a78,0x000000009ab80000)
 Metaspace       used 71143K, committed 72576K, reserved 1114112K
  class space    used 7527K, committed 8128K, reserved 1048576K
}
Event: 70.426 GC heap before
{Heap before GC invocations=304 (full 3):
 PSYoungGen      total 2560K, used 2272K [0x00000000d5580000, 0x00000000d5900000, 0x0000000100000000)
  eden space 2048K, 100% used [0x00000000d5580000,0x00000000d5780000,0x00000000d5780000)
  from space 512K, 43% used [0x00000000d5880000,0x00000000d58b8000,0x00000000d5900000)
  to   space 512K, 0% used [0x00000000d5800000,0x00000000d5800000,0x00000000d5880000)
 ParOldGen       total 437760K, used 437606K [0x0000000080000000, 0x000000009ab80000, 0x00000000d5580000)
  object space 437760K, 99% used [0x0000000080000000,0x000000009ab59a78,0x000000009ab80000)
 Metaspace       used 71291K, committed 72768K, reserved 1114112K
  class space    used 7541K, committed 8192K, reserved 1048576K
}
Event: 70.427 GC heap after
{Heap after GC invocations=304 (full 3):
 PSYoungGen      total 2560K, used 320K [0x00000000d5580000, 0x00000000d5900000, 0x0000000100000000)
  eden space 2048K, 0% used [0x00000000d5580000,0x00000000d5580000,0x00000000d5780000)
  from space 512K, 62% used [0x00000000d5800000,0x00000000d5850000,0x00000000d5880000)
  to   space 512K, 0% used [0x00000000d5880000,0x00000000d5880000,0x00000000d5900000)
 ParOldGen       total 437760K, used 437710K [0x0000000080000000, 0x000000009ab80000, 0x00000000d5580000)
  object space 437760K, 99% used [0x0000000080000000,0x000000009ab73a78,0x000000009ab80000)
 Metaspace       used 71291K, committed 72768K, reserved 1114112K
  class space    used 7541K, committed 8192K, reserved 1048576K
}
Event: 70.431 GC heap before
{Heap before GC invocations=305 (full 3):
 PSYoungGen      total 2560K, used 2368K [0x00000000d5580000, 0x00000000d5900000, 0x0000000100000000)
  eden space 2048K, 100% used [0x00000000d5580000,0x00000000d5780000,0x00000000d5780000)
  from space 512K, 62% used [0x00000000d5800000,0x00000000d5850000,0x00000000d5880000)
  to   space 512K, 0% used [0x00000000d5880000,0x00000000d5880000,0x00000000d5900000)
 ParOldGen       total 437760K, used 437710K [0x0000000080000000, 0x000000009ab80000, 0x00000000d5580000)
  object space 437760K, 99% used [0x0000000080000000,0x000000009ab73a78,0x000000009ab80000)
 Metaspace       used 71299K, committed 72768K, reserved 1114112K
  class space    used 7541K, committed 8192K, reserved 1048576K
}
Event: 70.431 GC heap after
{Heap after GC invocations=305 (full 3):
 PSYoungGen      total 2560K, used 64K [0x00000000d5580000, 0x00000000d5900000, 0x0000000100000000)
  eden space 2048K, 0% used [0x00000000d5580000,0x00000000d5580000,0x00000000d5780000)
  from space 512K, 12% used [0x00000000d5880000,0x00000000d5890000,0x00000000d5900000)
  to   space 512K, 0% used [0x00000000d5800000,0x00000000d5800000,0x00000000d5880000)
 ParOldGen       total 438272K, used 438014K [0x0000000080000000, 0x000000009ac00000, 0x00000000d5580000)
  object space 438272K, 99% used [0x0000000080000000,0x000000009abbfa78,0x000000009ac00000)
 Metaspace       used 71299K, committed 72768K, reserved 1114112K
  class space    used 7541K, committed 8192K, reserved 1048576K
}
Event: 70.440 GC heap before
{Heap before GC invocations=306 (full 3):
 PSYoungGen      total 2560K, used 2004K [0x00000000d5580000, 0x00000000d5900000, 0x0000000100000000)
  eden space 2048K, 94% used [0x00000000d5580000,0x00000000d5765008,0x00000000d5780000)
  from space 512K, 12% used [0x00000000d5880000,0x00000000d5890000,0x00000000d5900000)
  to   space 512K, 0% used [0x00000000d5800000,0x00000000d5800000,0x00000000d5880000)
 ParOldGen       total 438272K, used 438014K [0x0000000080000000, 0x000000009ac00000, 0x00000000d5580000)
  object space 438272K, 99% used [0x0000000080000000,0x000000009abbfa78,0x000000009ac00000)
 Metaspace       used 71336K, committed 72832K, reserved 1114112K
  class space    used 7545K, committed 8192K, reserved 1048576K
}
Event: 70.441 GC heap after
{Heap after GC invocations=306 (full 3):
 PSYoungGen      total 2560K, used 328K [0x00000000d5580000, 0x00000000d5900000, 0x0000000100000000)
  eden space 2048K, 0% used [0x00000000d5580000,0x00000000d5580000,0x00000000d5780000)
  from space 512K, 64% used [0x00000000d5800000,0x00000000d5852010,0x00000000d5880000)
  to   space 512K, 0% used [0x00000000d5880000,0x00000000d5880000,0x00000000d5900000)
 ParOldGen       total 438272K, used 438062K [0x0000000080000000, 0x000000009ac00000, 0x00000000d5580000)
  object space 438272K, 99% used [0x0000000080000000,0x000000009abcba78,0x000000009ac00000)
 Metaspace       used 71336K, committed 72832K, reserved 1114112K
  class space    used 7545K, committed 8192K, reserved 1048576K
}
Event: 70.512 GC heap before
{Heap before GC invocations=307 (full 3):
 PSYoungGen      total 2560K, used 2376K [0x00000000d5580000, 0x00000000d5900000, 0x0000000100000000)
  eden space 2048K, 100% used [0x00000000d5580000,0x00000000d5780000,0x00000000d5780000)
  from space 512K, 64% used [0x00000000d5800000,0x00000000d5852010,0x00000000d5880000)
  to   space 512K, 0% used [0x00000000d5880000,0x00000000d5880000,0x00000000d5900000)
 ParOldGen       total 438272K, used 438062K [0x0000000080000000, 0x000000009ac00000, 0x00000000d5580000)
  object space 438272K, 99% used [0x0000000080000000,0x000000009abcba78,0x000000009ac00000)
 Metaspace       used 71395K, committed 72832K, reserved 1114112K
  class space    used 7550K, committed 8192K, reserved 1048576K
}
Event: 70.514 GC heap after
{Heap after GC invocations=307 (full 3):
 PSYoungGen      total 2560K, used 160K [0x00000000d5580000, 0x00000000d5900000, 0x0000000100000000)
  eden space 2048K, 0% used [0x00000000d5580000,0x00000000d5580000,0x00000000d5780000)
  from space 512K, 31% used [0x00000000d5880000,0x00000000d58a8000,0x00000000d5900000)
  to   space 512K, 0% used [0x00000000d5800000,0x00000000d5800000,0x00000000d5880000)
 ParOldGen       total 438272K, used 438110K [0x0000000080000000, 0x000000009ac00000, 0x00000000d5580000)
  object space 438272K, 99% used [0x0000000080000000,0x000000009abd7a78,0x000000009ac00000)
 Metaspace       used 71395K, committed 72832K, reserved 1114112K
  class space    used 7550K, committed 8192K, reserved 1048576K
}
Event: 70.517 GC heap before
{Heap before GC invocations=308 (full 3):
 PSYoungGen      total 2560K, used 2208K [0x00000000d5580000, 0x00000000d5900000, 0x0000000100000000)
  eden space 2048K, 100% used [0x00000000d5580000,0x00000000d5780000,0x00000000d5780000)
  from space 512K, 31% used [0x00000000d5880000,0x00000000d58a8000,0x00000000d5900000)
  to   space 512K, 0% used [0x00000000d5800000,0x00000000d5800000,0x00000000d5880000)
 ParOldGen       total 438272K, used 438110K [0x0000000080000000, 0x000000009ac00000, 0x00000000d5580000)
  object space 438272K, 99% used [0x0000000080000000,0x000000009abd7a78,0x000000009ac00000)
 Metaspace       used 71403K, committed 72832K, reserved 1114112K
  class space    used 7550K, committed 8192K, reserved 1048576K
}
Event: 70.518 GC heap after
{Heap after GC invocations=308 (full 3):
 PSYoungGen      total 2560K, used 160K [0x00000000d5580000, 0x00000000d5900000, 0x0000000100000000)
  eden space 2048K, 0% used [0x00000000d5580000,0x00000000d5580000,0x00000000d5780000)
  from space 512K, 31% used [0x00000000d5800000,0x00000000d5828000,0x00000000d5880000)
  to   space 512K, 0% used [0x00000000d5880000,0x00000000d5880000,0x00000000d5900000)
 ParOldGen       total 438272K, used 438190K [0x0000000080000000, 0x000000009ac00000, 0x00000000d5580000)
  object space 438272K, 99% used [0x0000000080000000,0x000000009abeba78,0x000000009ac00000)
 Metaspace       used 71403K, committed 72832K, reserved 1114112K
  class space    used 7550K, committed 8192K, reserved 1048576K
}

